mul(982,733)
mul(700,428)
don't()
don't()
do()
mul(394,662)
mul(903,277)
mul(249,126)
mul(823,356)
mul(257,129)
mul(571,713)
mul(230,759)
mul(978,804)
don't()
do()
mul(814,674)
mul(654,224)
mul(690,95)
mul(821,149)
mul(279,247)
mul(66,274)
mul(550,43)
mul(442,748)
mul(130,259)
mul(768,298)
mul(489,845)
mul(442,721)
mul(283,227)
mul(862,708)
mul(182,377)
mul(472,672)
mul(117,275)
mul(409,378)
mul(448,267)
mul(916,448)
mul(849,877)
mul(444,734)
do()
mul(851,406)
mul(480,848)
mul(803,80)
don't()
do()
mul(796,344)
mul(460,350)
mul(38,82)
mul(402,61)
mul(159,67)
mul(618,693)
mul(5,516)
mul(632,327)
mul(363,380)
mul(696,848)
mul(129,10)
mul(545,776)
mul(25,979)
mul(448,493)
do()
mul(56,384)
mul(56,627)
mul(55,437)
do()
mul(831,13)
don't()
do()
mul(671,550)
mul(644,99)
don't()
don't()
don't()
don't()
don't()
don't()
don't()
don't()
don't()
don't()
do()
mul(942,451)
mul(734,792)
mul(474,602)
mul(22,992)
mul(13,956)
mul(943,628)
mul(766,222)
mul(415,153)
mul(954,996)
mul(677,121)
mul(392,160)
mul(369,43)
mul(279,718)
mul(966,999)
mul(778,211)
mul(582,577)
mul(729,837)
don't()
don't()
don't()
don't()
don't()
don't()
do()
mul(270,501)
mul(123,33)
mul(210,880)
mul(774,259)
mul(134,769)
mul(530,259)
mul(659,212)
mul(349,292)
mul(301,677)
don't()
don't()
don't()
don't()
don't()
do()
mul(764,84)
mul(773,449)
do()
mul(720,225)
mul(77,559)
mul(274,178)
mul(313,954)
mul(381,177)
mul(706,768)
mul(409,429)
mul(936,16)
mul(966,490)
mul(412,390)
mul(686,691)
mul(101,871)
mul(55,727)
mul(743,995)
mul(476,492)
mul(711,765)
mul(360,962)
mul(17,447)
mul(300,232)
mul(392,866)
do()
mul(852,741)
mul(579,403)
mul(112,650)
mul(388,214)
mul(315,603)
mul(186,460)
mul(411,343)
mul(644,122)
mul(756,239)
mul(385,894)
mul(754,260)
don't()
do()
mul(819,952)
mul(408,89)
mul(66,163)
mul(449,71)
mul(253,770)
mul(634,363)
mul(445,296)
mul(855,89)
mul(156,269)
mul(253,48)
mul(439,325)
mul(957,103)
mul(632,932)
don't()
don't()
don't()
do()
mul(356,968)
mul(961,828)
mul(765,321)
mul(642,428)
mul(78,233)
mul(802,766)
mul(674,430)
mul(187,741)
mul(442,143)
mul(754,355)
mul(952,528)
mul(747,103)
mul(43,706)
mul(311,896)
mul(713,786)
mul(763,306)
mul(854,759)
mul(451,677)
mul(688,574)
mul(680,919)
mul(422,657)
mul(262,821)
mul(469,992)
mul(562,853)
mul(596,121)
mul(414,217)
mul(963,916)
mul(698,955)
mul(887,587)
mul(664,770)
do()
mul(375,153)
mul(260,699)
mul(655,375)
do()
mul(79,366)
mul(594,21)
mul(184,709)
mul(538,963)
mul(638,808)
mul(865,350)
mul(437,972)
mul(953,93)
mul(920,599)
mul(851,522)
mul(81,578)
mul(269,16)
mul(990,699)
mul(169,956)
mul(236,175)
mul(560,233)
mul(667,378)
mul(744,229)
do()
mul(613,151)
mul(324,709)
mul(504,448)
mul(623,742)
mul(447,481)
mul(546,493)
mul(75,277)
mul(339,191)
mul(460,916)
mul(169,866)
mul(838,989)
mul(888,490)
mul(167,932)
don't()
don't()
do()
mul(729,333)
mul(822,111)
mul(984,174)
mul(126,855)
mul(347,402)
mul(542,243)
do()
mul(585,736)
mul(930,849)
mul(750,188)
mul(76,528)
mul(474,368)
mul(168,683)
mul(857,78)
mul(776,53)
mul(920,130)
do()
mul(329,472)
mul(507,107)
mul(539,64)
mul(716,635)
mul(68,519)
mul(891,188)
mul(985,567)
mul(429,918)
do()
mul(285,28)
mul(266,918)
do()
mul(729,683)
don't()
don't()
don't()
don't()
do()
mul(142,121)
mul(988,728)
mul(644,517)
mul(529,314)
mul(952,786)
mul(503,655)
mul(317,344)
mul(367,12)
mul(84,895)
56275602
